[12-Sep-2025 10:21:28 UTC] [Image Optimizer]: info in ImageOptimization\Modules\Core\Components\Migrations->run_migration(): The migration `fix_optimized_size_keys` successfully executed.
[12-Sep-2025 10:21:28 UTC] [Image Optimizer]: info in ImageOptimization\Modules\Core\Components\Migrations->run_migration(): The migration `fix_mime_type` successfully executed.
[12-Sep-2025 10:21:28 UTC] [Image Optimizer]: info in ImageOptimization\Modules\Core\Components\Migrations->run_migration(): The migration `fix_avif_with_zero_dimensions` successfully executed.
[12-Sep-2025 10:21:47 UTC] [Image Optimizer]: info in ImageOptimization\Modules\ConnectManager\Components\Connect->get_connect_status(): Status check error. Reason: User is not connected
[12-Sep-2025 10:21:47 UTC] [Image Optimizer]: info in ImageOptimization\Modules\ConnectManager\Components\Connect->get_connect_status(): Status check error. Reason: User is not connected
[12-Sep-2025 10:55:52 UTC] [Image Optimizer]: info in ImageOptimization\Modules\ConnectManager\Components\Connect->get_connect_status(): Status check error. Reason: User is not connected
[12-Sep-2025 10:55:57 UTC] [Image Optimizer]: info in ImageOptimization\Modules\ConnectManager\Components\Connect->get_connect_status(): Status check error. Reason: User is not connected
[12-Sep-2025 10:56:02 UTC] [Image Optimizer]: info in ImageOptimization\Modules\ConnectManager\Components\Connect->get_connect_status(): Status check error. Reason: User is not connected
[12-Sep-2025 10:56:17 UTC] [Image Optimizer]: info in ImageOptimization\Modules\ConnectManager\Components\Connect->get_connect_status(): Status check error. Reason: User is not connected
[12-Sep-2025 10:56:28 UTC] [Image Optimizer]: info in ImageOptimization\Modules\ConnectManager\Components\Connect->get_connect_status(): Status check error. Reason: User is not connected
[12-Sep-2025 10:56:37 UTC] [Image Optimizer]: info in ImageOptimization\Modules\ConnectManager\Components\Connect->get_connect_status(): Status check error. Reason: User is not connected
[12-Sep-2025 10:56:53 UTC] [Image Optimizer]: info in ImageOptimization\Modules\ConnectManager\Components\Connect->get_connect_status(): Status check error. Reason: User is not connected
[12-Sep-2025 10:56:58 UTC] [Image Optimizer]: info in ImageOptimization\Modules\ConnectManager\Components\Connect->get_connect_status(): Status check error. Reason: User is not connected
[15-Sep-2025 09:04:56 UTC] PHP Warning:  Trying to access array offset on value of type bool in C:\Users\ESLA 01\Local Sites\mysite\app\public\wp-content\plugins\elementor\includes\managers\image.php on line 113
[15-Sep-2025 09:04:56 UTC] PHP Warning:  Trying to access array offset on value of type bool in C:\Users\ESLA 01\Local Sites\mysite\app\public\wp-content\plugins\elementor\includes\managers\image.php on line 113
[15-Sep-2025 09:04:56 UTC] PHP Warning:  Trying to access array offset on value of type bool in C:\Users\ESLA 01\Local Sites\mysite\app\public\wp-content\plugins\elementor\includes\managers\image.php on line 113
[15-Sep-2025 09:04:56 UTC] PHP Warning:  Trying to access array offset on value of type bool in C:\Users\ESLA 01\Local Sites\mysite\app\public\wp-content\plugins\elementor\includes\managers\image.php on line 113
[15-Sep-2025 09:04:56 UTC] PHP Warning:  Trying to access array offset on value of type bool in C:\Users\ESLA 01\Local Sites\mysite\app\public\wp-content\plugins\elementor\includes\managers\image.php on line 113
[15-Sep-2025 09:04:56 UTC] PHP Warning:  Trying to access array offset on value of type bool in C:\Users\ESLA 01\Local Sites\mysite\app\public\wp-content\plugins\elementor\includes\managers\image.php on line 113
[15-Sep-2025 09:04:56 UTC] PHP Warning:  Trying to access array offset on value of type bool in C:\Users\ESLA 01\Local Sites\mysite\app\public\wp-content\plugins\elementor\includes\managers\image.php on line 113
[15-Sep-2025 09:04:56 UTC] PHP Warning:  Trying to access array offset on value of type bool in C:\Users\ESLA 01\Local Sites\mysite\app\public\wp-content\plugins\elementor\includes\managers\image.php on line 113
